
# Make data base, printed on Mon Jul 11 17:01:20 2022

# Variables

# automatic
<D = $(patsubst %/,%,$(patsubst %\,%,$(dir $<)))
# automatic
?F = $(notdir $?)
# default
.SHELLFLAGS := -c
# makefile
MAKEFLAGS = Rrqp
# environment
VSCODE_LOG_NATIVE = false
# automatic
?D = $(patsubst %/,%,$(patsubst %\,%,$(dir $?)))
# automatic
@D = $(patsubst %/,%,$(patsubst %\,%,$(dir $@)))
# environment
HOMEDRIVE = C:
# automatic
@F = $(notdir $@)
# automatic
^D = $(patsubst %/,%,$(patsubst %\,%,$(dir $^)))
# makefile
CURDIR := c:/Users/admin pc/Desktop/go-workspace/src/simpleBank
# default
SHELL := sh.exe
# environment
WINDIR = C:\WINDOWS
# environment
VSCODE_NLS_CONFIG = {"locale":"en-us","availableLanguages":{},"_languagePackSupport":true}
# environment
PYCHARM COMMUNITY EDITION = C:\Program Files\JetBrains\PyCharm Community Edition 2020.1.2\bin;
# environment
ONEDRIVE = C:\Users\admin pc\OneDrive
# environment
PATHEXT = .COM;.EXE;.BAT;.CMD;.VBS;.VBE;.JS;.JSE;.WSF;.WSH;.MSC;.PY;.PYW
# makefile (from 'Makefile', line 1)
MAKEFILE_LIST :=  Makefile
# environment
FPS_BROWSER_USER_PROFILE_STRING = Default
# environment
TMP = C:\Users\ADMINP~1\AppData\Local\Temp
# environment
VSCODE_AMD_ENTRYPOINT = vs/workbench/api/node/extensionHostProcess
# environment
VSCODE_VERBOSE_LOGGING = true
# environment
PROGRAMW6432 = C:\Program Files
# environment
PROGRAMDATA = C:\ProgramData
# environment
MINGW = C:\MinGW\bin
# environment
VSCODE_IPC_HOOK_EXTHOST = \\.\pipe\vscode-ipc-167d200c-9b36-4662-9ea7-eb51e96236ca-sock
# environment
VSCODE_CWD = C:\Users\admin pc\AppData\Local\Programs\Microsoft VS Code
# environment
GOPROXY = https://proxy.golang.org,direct
# environment
PATH = C:\Program Files (x86)\Python38-32\Scripts\;C:\Program Files (x86)\Python38-32\;C:\WINDOWS\system32;C:\WINDOWS;C:\WINDOWS\System32\Wbem;C:\WINDOWS\System32\WindowsPowerShell\v1.0\;C:\WINDOWS\System32\OpenSSH\;C:\go\bin;C:\TDM-GCC-64\bin;C:\Program Files\Git\cmd;C:\Program Files\MySQL\MySQL Server 8.0\bin;C:\Program Files\Amazon\AWSCLIV2\;C:\Program Files\nodejs\;C:\ProgramData\chocolatey\bin;C:\MinGW\bin;C:\Users\admin pc\Downloads\sqlc_1.12.0_windows_amd64;;C:\Program Files\Docker\Docker\resources\bin;C:\ProgramData\DockerDesktop\version-bin;C:\Users\admin pc\scoop\shims;C:\Program Files\MySQL\MySQL Shell 8.0\bin\;"C:\Windows\System32;C:\Python38;C:\Python38\python.exe;C:\Python\38\Lib\site-packages;C:\Python38\Lib\site-packages\django\bin\;C:\Python38\Scripts;";C:\Program Files\JetBrains\PyCharm Community Edition 2020.1.2\bin;C:\Users\admin pc\AppData\Local\atom\bin;C:\Users\admin pc\AppData\Local\Microsoft\WindowsApps;C:\Users\admin pc\AppData\Local\Programs\Microsoft VS Code\bin;C:\Users\admin pc\go\bin;C:\Users\admin pc\AppData\Roaming\npm
# environment
COMMONPROGRAMW6432 = C:\Program Files\Common Files
# environment
CHOCOLATEYLASTPATHUPDATE = 132966605511723135
# environment
PROCESSOR_ARCHITECTURE = x86
# environment
USERPROFILE = C:\Users\admin pc
# environment
CHOCOLATEYINSTALL = C:\ProgramData\chocolatey
# environment
ALLUSERSPROFILE = C:\ProgramData
# environment
GOPATH = C:\Users\admin pc\Desktop\go-workspace
# environment
VSCODE_LOG_STACK = false
# environment
NUMBER_OF_PROCESSORS = 4
# environment
ELECTRON_RUN_AS_NODE = 1
# default
.FEATURES := target-specific order-only second-expansion else-if shortest-stem undefine oneshell archives jobserver
# automatic
%F = $(notdir $%)
# environment
CHROME_CRASHPAD_PIPE_NAME = \\.\pipe\crashpad_6572_DZJWPPFUUFQASPJT
# environment
VSCODE_PIPE_LOGGING = true
# environment
COMPUTERNAME = DESKTOP-CQK02RQ
# environment
PROGRAMFILES = C:\Program Files (x86)
# environment
DRIVERDATA = C:\Windows\System32\Drivers\DriverData
# environment
ORIGINAL_XDG_CURRENT_DESKTOP = undefined
# environment
USERNAME = admin pc
# environment
PUBLIC = C:\Users\Public
# environment
GOMODCACHE = C:\Users\admin pc\Desktop\go-workspace\pkg\mod
# environment
VSCODE_CODE_CACHE_PATH = C:\Users\admin pc\AppData\Roaming\Code\CachedData\4af164ea3a06f701fe3e89a2bcbb421d2026b68f
# environment
APPLICATION_INSIGHTS_NO_DIAGNOSTIC_CHANNEL = 1
# environment
COMMONPROGRAMFILES = C:\Program Files (x86)\Common Files
# environment
LOGONSERVER = \\DESKTOP-CQK02RQ
# environment
ONEDRIVECONSUMER = C:\Users\admin pc\OneDrive
# environment
VSCODE_HANDLES_UNCAUGHT_ERRORS = true
# environment
USERDOMAIN = DESKTOP-CQK02RQ
# environment
MAKELEVEL := 0
# default
MAKE = $(MAKE_COMMAND)
# default
MAKECMDGOALS := all
# default
MAKE_VERSION := 3.82.90
# makefile
.DEFAULT_GOAL := postgres
# environment
PROGRAMFILES(X86) = C:\Program Files (x86)
# automatic
%D = $(patsubst %/,%,$(patsubst %\,%,$(dir $%)))
# environment
LOCALAPPDATA = C:\Users\admin pc\AppData\Local
# environment
PSMODULEPATH = C:\Program Files\WindowsPowerShell\Modules;C:\WINDOWS\system32\WindowsPowerShell\v1.0\Modules
# default
MAKE_COMMAND := make.exe
# environment
PROCESSOR_ARCHITEW6432 = AMD64
# default
.VARIABLES := 
# automatic
*F = $(notdir $*)
# environment
PROCESSOR_IDENTIFIER = Intel64 Family 6 Model 60 Stepping 3, GenuineIntel
# environment
OS = Windows_NT
# environment
VSCODE_IPC_HOOK = \\.\pipe\7916b2d2039f4925041104eb81bc762a-1.68.0-main-sock
# environment
HOMEPATH = \Users\admin pc
# environment
COMMONPROGRAMFILES(X86) = C:\Program Files (x86)\Common Files
# environment
PROMPT = $P$G
# environment
MFLAGS = -Rrqp
# automatic
*D = $(patsubst %/,%,$(patsubst %\,%,$(dir $*)))
# environment
SYSTEMROOT = C:\WINDOWS
# automatic
+D = $(patsubst %/,%,$(patsubst %\,%,$(dir $+)))
# automatic
+F = $(notdir $+)
# environment
APPDATA = C:\Users\admin pc\AppData\Roaming
# environment
TEMP = C:\Users\ADMINP~1\AppData\Local\Temp
# environment
COMSPEC = C:\WINDOWS\system32\cmd.exe
# default
MAKEFILES := 
# automatic
<F = $(notdir $<)
# environment
LC_ALL = C
# automatic
^F = $(notdir $^)
# default
SUFFIXES := 
# environment
SYSTEMDRIVE = C:
# environment
SESSIONNAME = Console
# environment
PROCESSOR_REVISION = 3c03
# default
.INCLUDE_DIRS = C:/MinGW/include
# default
.RECIPEPREFIX := 
# environment
LANG = C
# environment
PROCESSOR_LEVEL = 6
# environment
FPS_BROWSER_APP_PROFILE_STRING = Internet Explorer
# environment
VSCODE_PID = 
 6572
# environment
USERDOMAIN_ROAMINGPROFILE = DESKTOP-CQK02RQ
# variable set hash-table stats:
# Load=99/1024=10%, Rehash=0, Collisions=12/118=10%

# Pattern-specific Variable Values

# No pattern-specific variable values.

# Directories

# : could not be stat'd.
# C:\ProgramData\DockerDesktop\version-bin: could not be stat'd.
# C:\Program Files (x86)\Python38-32\ (key C:/Program Files (x86)/Python38-32/, mtime 1598403387): 27 files, no impossibilities.
# C:\Program Files (x86)\Python38-32\Scripts\ (key C 
:/Program Files (x86)/Python38-32/Scripts/, mtime 1598552402): 12 files, no impossibilities.
# C:\Program Files\MySQL\MySQL Server 8.0\bin (key C:/Program Files/MySQL/MySQL Server 8.0/bin, mtime 1651005573): 52 files, no impossibilities.
# " (key c:/Users/admin pc/Desktop/go-workspace/src/simpleBank/", mtime 1657207612): could not be opened.
# C:\Users\admin pc\scoop\shims (key C:/Users/admin pc/scoop/shims, mtime 1653395030): 7 files, no impossibilities.
# C:\WINDOWS\System32\WindowsPowerShell\v1.0\ (key C:/WINDOWS/System32/WindowsPowerShell/v1.0/, mtime 1552976452): 30 files, no impossibilities.
# . (key c:/Users/admin pc/Desktop/go-workspace/src/simpleBank, mtime 1657207612): 13 files, no impossibilities.
# C:\Program Files\MySQL\MySQL Shell 8.0\bin\ (key C:/Program Files/MySQL/MySQL Shell 8.0/bin/, mtime 1651006018): 9 files, no impossibilities.
# C:\Python\38\Lib\site-packages: could not be stat'd.
# C:\TDM-GCC-64\bin (key C:/TDM-GCC-64/bin, mtime 1649426247): 61 files, no impossibilities.
# C:\Users\admin pc\AppData\Local\atom\bin (key C:/Users/admin pc/AppData/Local/atom/bin, mtime 1601429383): 6 files, no impossibilities.
# C:\Program Files\Git\cmd (key C:/Program Files/Git/cmd, mtime 1649885433): 8 files, no impossibilities.
# C:\WINDOWS\System32\OpenSSH\: could not be stat'd.
# C:\MinGW\bin (key C:/MinGW/bin, mtime 1653508303): 123 files, no impossibilities.
# C:\Users\admin pc\go\bin: could not be stat'd.
# C:\WINDOWS (key C:/WINDOWS, mtime 1657028551): 124 files, no impossibilities.
# C:\Python38\python.exe: could not be stat'd.
# C:\Users\admin pc\AppData\Roaming\npm (key C:/Users/admin pc/AppData/Roaming/npm, mtime 1652186698): 2 files, no impossibilities.
# C:\ProgramData\chocolatey\bin (key C:/ProgramData/chocolatey/bin, mtime 1652186951): 11 files, no impossibilities.
# C:\Program Files\Docker\Docker\resources\bin (key C:/Program Files/Docker/Docker/resources/bin, mtime 1654083051): 13 files, no impossibilities.
# C:\Python38: could not be stat'd.
# C:\WINDOWS\System32\Wbem (key C:/WINDOWS/System32/Wbem, mtime 1654081136): 170 files, no impossibilities.
# C:\Users\admin pc\AppData\Local\Microsoft\WindowsApps (key C:/Users/admin pc/AppData/Local/Microsoft/WindowsApps, mtime 1654087672): 13 files, no impossibilities.
# C:\Users\admin pc\Downloads\sqlc_1.12.0_windows_amd64 (key C:/Users/admin pc/Downloads/sqlc_1.12.0_windows_amd64, mtime 1653904506): 3 files, no impossibilities.
# C:\Program Files\Amazon\AWSCLIV2\ (key C:/Program Files/Amazon/AWSCLIV2/, mtime 1651840249): 38 files, no impossibilities. 

# C:\Users\admin pc\AppData\Local\Programs\Microsoft VS Code\bin (key C:/Users/admin pc/AppData/Local/Programs/Microsoft VS Code/bin, mtime 1655301663): 4 files, no impossibilities.
# C:\Python38\Lib\site-packages\django\bin\: could not be stat'd.
# C:\Program Files\nodejs\ (key C:/Program Files/nodejs/, mtime 1652186722): 13 files, no impossibilities.
# C:\WINDOWS\system32 (key C:/WINDOWS/system32, mtime 1654436492): 3044 files, no impossibilities.
# C:\Python38\Scripts: could not be stat'd.
# C:\go\bin (key C:/go/bin, mtime 1649883780): 12 files, no impossibilities.
# C:\Program Files\JetBrains\PyCharm Community Edition 2020.1.2\bin (key C:/Program Files/JetBrains/PyCharm Community Edition 2020.1.2/bin, mtime 1594712737): 25 files, no impossibilities.
# "C:\Windows\System32: could not be stat'd.

# 3820 files, no impossibilities in 35 directories.

# Implicit Rules

# No implicit rules.

# Files

postgres:
#  Phony target (prerequisite of .PHONY).
#  Implicit rule search has not been done.
#  File does not exist.
#  File has not been updated.
#  recipe to execute (from 'Makefile', line 2):
	docker run --name postgres12 -p 5432:5432 -e POSTGRES_USER=root -e POSTGRES_PASSWORD=bolu -d postgres

# Not a target:
all:
#  Command line target.
#  Implicit rule search has been done.
#  File does not exist.
#  File has not been updated.

.PHONY: postgres createdb dropdb migrateup migratedown sqlc test server
#  Implicit rule search has not been done.
#  Modification time never checked.
#  File has not been updated.

sqlc:
#  Phony target (prerequisite of .PHONY).
#  Implicit rule search has not been done.
#  File does not exist.
#  File has not been updated.
#  recipe to execute (from 'Makefile', line 12):
	docker run --rm -v "${pwd}:/src" -w //src kjconroy/sqlc generate

# Not a target:
.SUFFIXES:
#  Implicit rule search has not been done.
#  Modification time never checked.
#  File has not been updated.

# Not a target:
Makefile:
#  Implicit rule search has been done.
#  Last modified 2022-07-11 10:42:35
#  File has been updated.
#  Successfully updated.

server:
#  Phony target (prerequisite of .PHONY).
#  Implicit rule search has not been done.
#  File does not exist.
#  File has not been updated.
#  recipe to execute (from 'Makefile', line 16):
	go run main.go	

test:
#  Phony target (prerequisite of .PHONY).
#  Implicit rule search has not been done.
#  File does not exist.
#  File has not been updated.
#  recipe to execute (from 'Makefile', line 14):
	go test -v -cover ./...	

createdb:
#  Phony target (prerequisite of .PHONY).
#  Implicit rule search has not been done.
#  File does not exist.
#  File has not been updated.
#  recipe to execute (from 'Makefile', line 4):
	docker exec -it postgres12 createdb --username=root --owner=root simple_bank

# Not a target:
.DEFAULT:
#  Implicit rule search has not been done.
#  Modification time never checked.
#  File has not been updated.

dropdb:
#  Phony target (prerequisite of .PHONY).
#  Implicit rule search has not been done.
#  File does not exist.
#  File has not been  
make.exe: *** No rule to make target 'all'.  Stop.

updated.
#  recipe to execute (from 'Makefile', line 6):
	docker exec -it postgres12 dropdb simple_bank

migrateup:
#  Phony target (prerequisite of .PHONY).
#  Implicit rule search has not been done.
#  File does not exist.
#  File has not been updated.
#  recipe to execute (from 'Makefile', line 8):
	migrate -path db/migration -database "postgresql://root:bolu@localhost:5432/simple_bank?sslmode=disable" -verbose up

migratedown:
#  Phony target (prerequisite of .PHONY).
#  Implicit rule search has not been done.
#  File does not exist.
#  File has not been updated.
#  recipe to execute (from 'Makefile', line 10):
	migrate -path db/migration -database "postgresql://root:bolu@localhost:5432/simple_bank?sslmode=disable" -verbose down

# files hash-table stats:
# Load=13/1024=1%, Rehash=0, Collisions=0/31=0%
# VPATH Search Paths

# No 'vpath' search paths.

# No general ('VPATH' variable) search path.

# strcache buffers: 7 (6) / strings = 3762 / storage = 55971 B / avg = 14 B
# current buf: size = 8174 B / used = 6978 B / count = 428 / avg = 16 B
# other used: total = 47797 B / count = 3334 / avg = 14 B
# other free: total = 51 B / max = 13 B / min = 1 B / avg = 8 B

# strcache performance: lookups = 3887 / hit rate = 3%
# hash-table stats:
# Load=3762/8192=46%, Rehash=0, Collisions=1428/3887=37%
# Finished Make data base on Mon Jul 11 17:01:20 2022

 
